[2024-07-17T09:06:23.333] [DEBUG] debug-file - env: nodejsVersion=v18.20.1
[2024-07-17T09:06:26.246] [DEBUG] debug-file - Hvigor init with startParameters:{
  hvigorfileTypeCheck: false,
  parallelExecution: true,
  incrementalExecution: true,
  printStackTrace: false,
  daemon: false,
  analyze: 0,
  logLevel: Level { level: 20000, levelStr: 'INFO', colour: 'green' }
}
[2024-07-17T09:06:26.265] [DEBUG] debug-file - hvigorfile, resolving E:\Devecostudio\Healthy_life\hvigorfile.ts
[2024-07-17T09:06:46.032] [DEBUG] debug-file - hvigorfile, require result:  { appTasks: [Getter] }
[2024-07-17T09:06:46.235] [DEBUG] debug-file - Start initialize project's product build option map with build mode debug.
[2024-07-17T09:06:46.238] [DEBUG] debug-file - Product 'default' using build option: {
  "debuggable": true
} in this build.
[2024-07-17T09:06:46.254] [DEBUG] debug-file - Local scan or download HarmonyOS sdk components toolchains,ets,js,native
[2024-07-17T09:06:46.270] [DEBUG] debug-file - Sdk init in 22 ms 
[2024-07-17T09:06:46.260] [DEBUG] debug-file - Local scan or download hmscore sdk components toolchains,ets,native
[2024-07-17T09:06:46.291] [DEBUG] debug-file - Project task initialization takes 20 ms 
[2024-07-17T09:06:46.296] [DEBUG] debug-file - hvigorfile, resolving E:\Devecostudio\Healthy_life\entry\hvigorfile.ts
[2024-07-17T09:06:23.334] [DEBUG] debug-file - env: hvigor-config.json5 content = { modelVersion: '5.0.0', dependencies: {} }
[2024-07-17T09:06:26.250] [DEBUG] debug-file - Cache service initialization finished in 5 ms 
[2024-07-17T09:06:46.032] [DEBUG] debug-file - hvigorfile, binding system plugins { appTasks: [Getter] }
[2024-07-17T09:06:46.235] [DEBUG] debug-file - Picking option from product 'default' with build mode 'debug'.
[2024-07-17T09:06:46.239] [DEBUG] debug-file - No signingConfig found, initRemoteHspCache failed.
[2024-07-17T09:06:46.291] [DEBUG] debug-file - hvigorfile, resolve finished E:\Devecostudio\Healthy_life\hvigorfile.ts
[2024-07-17T09:06:46.301] [DEBUG] debug-file - hvigorfile, require result:  { hapTasks: [Getter] }
[2024-07-17T09:06:23.336] [DEBUG] debug-file - env: daemon=false
[2024-07-17T09:06:46.235] [DEBUG] debug-file - Product 'default' build option: {}
[2024-07-17T09:06:46.301] [DEBUG] debug-file - hvigorfile, binding system plugins { hapTasks: [Getter] }
[2024-07-17T09:06:23.336] [DEBUG] debug-file - no-daemon, use the parent process.execArgv --max-old-space-size=8192,--expose-gc
[2024-07-17T09:06:46.235] [DEBUG] debug-file - End initialize project's product build option map with build mode 'debug'.
[2024-07-17T09:06:46.310] [DEBUG] debug-file - Start initialize module-target build option map, moduleName=entry, buildMode=debug
[2024-07-17T09:06:46.310] [DEBUG] debug-file - Target 'default' config: {}
[2024-07-17T09:06:46.310] [DEBUG] debug-file - Module 'entry' target 'default' build option: {
  "debuggable": true,
  "copyFrom": "default"
}
[2024-07-17T09:06:46.310] [DEBUG] debug-file - End initialize module-target build option map, moduleName=entry
[2024-07-17T09:06:46.310] [DEBUG] debug-file - Module 'entry' target 'default' using build option: {
  "debuggable": true,
  "copyFrom": "default"
} in this build.
[2024-07-17T09:06:46.318] [DEBUG] debug-file - project has submodules:entry
[2024-07-17T09:06:46.317] [DEBUG] debug-file - Module entry task initialization takes 4 ms 
[2024-07-17T09:06:46.318] [DEBUG] debug-file - start to load updatedOhPackageInfo to the disk
[2024-07-17T09:06:46.317] [DEBUG] debug-file - hvigorfile, resolve finished E:\Devecostudio\Healthy_life\entry\hvigorfile.ts
[2024-07-17T09:06:46.324] [DEBUG] debug-file - load to the disk finished
[2024-07-17T09:06:46.325] [DEBUG] debug-file - Module Healthy_life Collected Dependency: 
[2024-07-17T09:06:46.325] [DEBUG] debug-file - Module Healthy_life's total dependency: 0
[2024-07-17T09:06:46.327] [DEBUG] debug-file - Module entry Collected Dependency: 
[2024-07-17T09:06:46.327] [DEBUG] debug-file - Module entry's total dependency: 0
[2024-07-17T09:06:46.331] [DEBUG] debug-file - Configuration phase cost:20 s 75 ms 
[2024-07-17T09:06:46.333] [DEBUG] debug-file - Configuration task cost before running: 20 s 103 ms 
[2024-07-17T09:06:46.334] [DEBUG] debug-file - Executing task :entry:init
[2024-07-17T09:06:46.334] [DEBUG] debug-file - entry : init cost memory 0.01129150390625
[2024-07-17T09:06:46.334] [DEBUG] debug-file - runTaskFromQueue task cost before running: 20 s 104 ms 
[2024-07-17T09:06:46.335] [INFO] debug-file - Finished :entry:init... after 1 ms 
[2024-07-17T09:06:46.335] [DEBUG] debug-file - Executing task ::init
[2024-07-17T09:06:46.335] [DEBUG] debug-file - Healthy_life : init cost memory 0.0084991455078125
[2024-07-17T09:06:46.335] [DEBUG] debug-file - runTaskFromQueue task cost before running: 20 s 105 ms 
[2024-07-17T09:06:46.335] [INFO] debug-file - Finished ::init... after 1 ms 
[2024-07-17T09:06:46.346] [DEBUG] debug-file - Module 'entry' target 'default' using build option: {
  "debuggable": true,
  "copyFrom": "default"
} in this build.
[2024-07-17T09:06:46.349] [DEBUG] debug-file - hvigor start cli arguments:{
  prop: [ 'product=default' ],
  sync: true,
  parallel: true,
  incremental: true,
  daemon: false,
  _: [ '--analyze=normal' ]
}
[2024-07-17T09:06:46.359] [DEBUG] debug-file - Since there is no instance or instance is terminated, create a new worker pool.
[2024-07-17T09:06:46.359] [DEBUG] debug-file - Worker pool is initialized with config:  {
  minPoolNum: 2,
  maxPoolNum: undefined,
  maxCoreSize: undefined,
  cacheCapacity: undefined,
  cacheTtl: undefined
}
[2024-07-17T09:06:46.366] [DEBUG] debug-file - Current worker pool is stopped or closed.
[2024-07-17T09:06:46.379] [DEBUG] debug-file - Current worker pool is terminated.
[2024-07-17T09:09:32.175] [DEBUG] debug-file - env: nodejsVersion=v18.20.1
[2024-07-17T09:09:32.318] [DEBUG] debug-file - env: daemon=true
[2024-07-17T09:09:32.176] [DEBUG] debug-file - env: hvigor-config.json5 content = { modelVersion: '5.0.0', dependencies: {} }
[2024-07-17T09:09:33.812] [DEBUG] debug-file - hvigor start cli arguments:{
  prop: [],
  sync: true,
  parallel: true,
  incremental: true,
  daemon: true,
  _: [ '--analyze=normal' ]
}
[2024-07-17T09:09:33.796] [DEBUG] debug-file - java daemon tryConnect failed Error: connect ECONNREFUSED ::1:45050
[2024-07-17T09:09:33.840] [DEBUG] debug-file - java daemon started at port 45050 pid 15128
[2024-07-17T09:09:33.864] [DEBUG] debug-file - session manager: set active socket. socketId=z6y74P3tLON_VSMvAAAB
[2024-07-17T09:09:34.441] [DEBUG] debug-file - Hvigor init with startParameters:{
  hvigorfileTypeCheck: false,
  parallelExecution: true,
  incrementalExecution: true,
  printStackTrace: false,
  daemon: true,
  analyze: 0,
  logLevel: Level { level: 20000, levelStr: 'INFO', colour: 'green' }
}
[2024-07-17T09:09:34.446] [DEBUG] debug-file - Cache service initialization finished in 5 ms 
[2024-07-17T09:09:34.454] [DEBUG] debug-file - hvigorfile, resolving E:\Devecostudio\Healthy_life\hvigorfile.ts
[2024-07-17T09:09:35.547] [DEBUG] debug-file - hvigorfile, require result:  {}
[2024-07-17T09:09:35.547] [DEBUG] debug-file - hvigorfile, binding system plugins {}
[2024-07-17T09:09:35.707] [DEBUG] debug-file - Start initialize project's product build option map with build mode debug.
[2024-07-17T09:09:35.707] [DEBUG] debug-file - Picking option from product 'default' with build mode 'debug'.
[2024-07-17T09:09:35.707] [DEBUG] debug-file - Product 'default' build option: {}
[2024-07-17T09:09:35.707] [DEBUG] debug-file - End initialize project's product build option map with build mode 'debug'.
[2024-07-17T09:09:35.709] [DEBUG] debug-file - Product 'default' using build option: {
  "debuggable": true
} in this build.
[2024-07-17T09:09:35.710] [DEBUG] debug-file - No signingConfig found, initRemoteHspCache failed.
[2024-07-17T09:09:35.714] [DEBUG] debug-file - Local scan or download HarmonyOS sdk components toolchains,ets,js,native
[2024-07-17T09:09:35.717] [DEBUG] debug-file - Local scan or download hmscore sdk components toolchains,ets,native
[2024-07-17T09:09:35.722] [DEBUG] debug-file - Sdk init in 10 ms 
[2024-07-17T09:09:35.734] [DEBUG] debug-file - Project task initialization takes 12 ms 
[2024-07-17T09:09:35.734] [DEBUG] debug-file - hvigorfile, resolve finished E:\Devecostudio\Healthy_life\hvigorfile.ts
[2024-07-17T09:09:35.738] [DEBUG] debug-file - hvigorfile, resolving E:\Devecostudio\Healthy_life\entry\hvigorfile.ts
[2024-07-17T09:09:35.743] [DEBUG] debug-file - hvigorfile, require result:  {}
[2024-07-17T09:09:35.743] [DEBUG] debug-file - hvigorfile, binding system plugins {}
[2024-07-17T09:09:35.749] [DEBUG] debug-file - Start initialize module-target build option map, moduleName=entry, buildMode=debug
[2024-07-17T09:09:35.750] [DEBUG] debug-file - Target 'default' config: {}
[2024-07-17T09:09:35.750] [DEBUG] debug-file - Module 'entry' target 'default' build option: {
  "debuggable": true,
  "copyFrom": "default"
}
[2024-07-17T09:09:35.750] [DEBUG] debug-file - End initialize module-target build option map, moduleName=entry
[2024-07-17T09:09:35.750] [DEBUG] debug-file - Module 'entry' target 'default' using build option: {
  "debuggable": true,
  "copyFrom": "default"
} in this build.
[2024-07-17T09:09:35.755] [DEBUG] debug-file - Module entry task initialization takes 4 ms 
[2024-07-17T09:09:35.755] [DEBUG] debug-file - hvigorfile, resolve finished E:\Devecostudio\Healthy_life\entry\hvigorfile.ts
[2024-07-17T09:09:35.802] [DEBUG] debug-file - hvigorfile, resolve hvigorfile dependencies in 46 ms 
[2024-07-17T09:09:35.802] [DEBUG] debug-file - project has submodules:entry
[2024-07-17T09:09:35.803] [DEBUG] debug-file - start to load updatedOhPackageInfo to the disk
[2024-07-17T09:09:35.807] [DEBUG] debug-file - load to the disk finished
[2024-07-17T09:09:35.808] [DEBUG] debug-file - Module Healthy_life Collected Dependency: 
[2024-07-17T09:09:35.808] [DEBUG] debug-file - Module Healthy_life's total dependency: 0
[2024-07-17T09:09:35.810] [DEBUG] debug-file - Module entry Collected Dependency: 
[2024-07-17T09:09:35.811] [DEBUG] debug-file - Module entry's total dependency: 0
[2024-07-17T09:09:35.814] [DEBUG] debug-file - Configuration phase cost:1 s 365 ms 
[2024-07-17T09:09:35.816] [DEBUG] debug-file - Configuration task cost before running: 1 s 383 ms 
[2024-07-17T09:09:35.816] [DEBUG] debug-file - Executing task :entry:init
[2024-07-17T09:09:35.817] [DEBUG] debug-file - entry : init cost memory 0.04638671875
[2024-07-17T09:09:35.817] [DEBUG] debug-file - runTaskFromQueue task cost before running: 1 s 384 ms 
[2024-07-17T09:09:35.817] [INFO] debug-file - Finished :entry:init... after 1 ms 
[2024-07-17T09:09:35.817] [DEBUG] debug-file - Executing task ::init
[2024-07-17T09:09:35.818] [DEBUG] debug-file - Healthy_life : init cost memory 0.01238250732421875
[2024-07-17T09:09:35.818] [DEBUG] debug-file - runTaskFromQueue task cost before running: 1 s 385 ms 
[2024-07-17T09:09:35.818] [INFO] debug-file - Finished ::init... after 1 ms 
[2024-07-17T09:09:35.828] [DEBUG] debug-file - Module 'entry' target 'default' using build option: {
  "debuggable": true,
  "copyFrom": "default"
} in this build.
[2024-07-17T09:09:36.111] [DEBUG] debug-file - Hvigor init with startParameters:{
  hvigorfileTypeCheck: false,
  parallelExecution: true,
  incrementalExecution: true,
  printStackTrace: false,
  daemon: true,
  analyze: 0,
  logLevel: Level { level: 20000, levelStr: 'INFO', colour: 'green' }
}
[2024-07-17T09:09:36.114] [DEBUG] debug-file - Cache service initialization finished in 3 ms 
[2024-07-17T09:09:36.121] [DEBUG] debug-file - hvigorfile, resolving E:\Devecostudio\Healthy_life\hvigorfile.ts
[2024-07-17T09:09:36.124] [DEBUG] debug-file - hvigorfile, require result:  {}
[2024-07-17T09:09:36.124] [DEBUG] debug-file - hvigorfile, binding system plugins {}
[2024-07-17T09:09:36.129] [DEBUG] debug-file - Start initialize project's product build option map with build mode debug.
[2024-07-17T09:09:36.129] [DEBUG] debug-file - Picking option from product 'default' with build mode 'debug'.
[2024-07-17T09:09:36.129] [DEBUG] debug-file - Product 'default' build option: {}
[2024-07-17T09:09:36.129] [DEBUG] debug-file - End initialize project's product build option map with build mode 'debug'.
[2024-07-17T09:09:36.129] [DEBUG] debug-file - Product 'default' using build option: {
  "debuggable": true
} in this build.
[2024-07-17T09:09:36.130] [DEBUG] debug-file - No signingConfig found, initRemoteHspCache failed.
[2024-07-17T09:09:36.135] [DEBUG] debug-file - Sdk init in 5 ms 
[2024-07-17T09:09:36.146] [DEBUG] debug-file - Project task initialization takes 11 ms 
[2024-07-17T09:09:36.146] [DEBUG] debug-file - hvigorfile, resolve finished E:\Devecostudio\Healthy_life\hvigorfile.ts
[2024-07-17T09:09:36.149] [DEBUG] debug-file - hvigorfile, resolving E:\Devecostudio\Healthy_life\entry\hvigorfile.ts
[2024-07-17T09:09:36.152] [DEBUG] debug-file - hvigorfile, require result:  {}
[2024-07-17T09:09:36.153] [DEBUG] debug-file - hvigorfile, binding system plugins {}
[2024-07-17T09:09:36.156] [DEBUG] debug-file - Start initialize module-target build option map, moduleName=entry, buildMode=debug
[2024-07-17T09:09:36.156] [DEBUG] debug-file - Target 'default' config: {}
[2024-07-17T09:09:36.156] [DEBUG] debug-file - Module 'entry' target 'default' build option: {
  "debuggable": true,
  "copyFrom": "default"
}
[2024-07-17T09:09:36.156] [DEBUG] debug-file - End initialize module-target build option map, moduleName=entry
[2024-07-17T09:09:36.156] [DEBUG] debug-file - Module 'entry' target 'default' using build option: {
  "debuggable": true,
  "copyFrom": "default"
} in this build.
[2024-07-17T09:09:36.158] [DEBUG] debug-file - Module entry task initialization takes 1 ms 
[2024-07-17T09:09:36.158] [DEBUG] debug-file - hvigorfile, resolve finished E:\Devecostudio\Healthy_life\entry\hvigorfile.ts
[2024-07-17T09:09:36.198] [DEBUG] debug-file - hvigorfile, resolve hvigorfile dependencies in 40 ms 
[2024-07-17T09:09:36.198] [DEBUG] debug-file - project has submodules:entry
[2024-07-17T09:09:36.199] [DEBUG] debug-file - start to load updatedOhPackageInfo to the disk
[2024-07-17T09:09:36.201] [DEBUG] debug-file - load to the disk finished
[2024-07-17T09:09:36.202] [DEBUG] debug-file - Module Healthy_life Collected Dependency: 
[2024-07-17T09:09:36.202] [DEBUG] debug-file - Module Healthy_life's total dependency: 0
[2024-07-17T09:09:36.203] [DEBUG] debug-file - Module entry Collected Dependency: 
[2024-07-17T09:09:36.203] [DEBUG] debug-file - Module entry's total dependency: 0
[2024-07-17T09:09:36.204] [DEBUG] debug-file - Configuration phase cost:87 ms 
[2024-07-17T09:09:36.205] [DEBUG] debug-file - Configuration task cost before running: 101 ms 
[2024-07-17T09:09:36.207] [DEBUG] debug-file - jsonObjWithoutParam {} at undefined
[2024-07-17T09:09:36.207] [DEBUG] debug-file - jsonObjWithoutParam {} at undefined
[2024-07-17T09:09:36.207] [DEBUG] debug-file - jsonObjWithoutParam {"license":"","devDependencies":{},"author":"","name":"entry","description":"Please describe the basic information.","main":"","version":"1.0.0","dependencies":{}} at undefined
[2024-07-17T09:09:36.211] [DEBUG] debug-file - Executing task :entry:default@PreBuild
[2024-07-17T09:09:36.219] [DEBUG] debug-file - Incremental task entry:default@PreBuild pre-execution cost: 5 ms .
[2024-07-17T09:09:36.219] [DEBUG] debug-file - entry : default@PreBuild cost memory 0.34568023681640625
[2024-07-17T09:09:36.220] [INFO] debug-file - UP-TO-DATE :entry:default@PreBuild...  
[2024-07-17T09:09:36.222] [DEBUG] debug-file - jsonObjWithoutParam {} at undefined
[2024-07-17T09:09:36.222] [DEBUG] debug-file - jsonObjWithoutParam {} at undefined
[2024-07-17T09:09:36.222] [DEBUG] debug-file - jsonObjWithoutParam {"license":"","devDependencies":{},"author":"","name":"entry","description":"Please describe the basic information.","main":"","version":"1.0.0","dependencies":{}} at undefined
[2024-07-17T09:09:36.223] [DEBUG] debug-file - Executing task :entry:default@MergeProfile
[2024-07-17T09:09:36.225] [DEBUG] debug-file - Incremental task entry:default@MergeProfile pre-execution cost: 2 ms .
[2024-07-17T09:09:36.225] [DEBUG] debug-file - entry : default@MergeProfile cost memory 0.10355377197265625
[2024-07-17T09:09:36.225] [INFO] debug-file - UP-TO-DATE :entry:default@MergeProfile...  
[2024-07-17T09:09:36.226] [DEBUG] debug-file - jsonObjWithoutParam {} at undefined
[2024-07-17T09:09:36.226] [DEBUG] debug-file - jsonObjWithoutParam {} at undefined
[2024-07-17T09:09:36.226] [DEBUG] debug-file - jsonObjWithoutParam {"license":"","devDependencies":{},"author":"","name":"entry","description":"Please describe the basic information.","main":"","version":"1.0.0","dependencies":{}} at undefined
[2024-07-17T09:09:36.227] [DEBUG] debug-file - Executing task :entry:default@CreateBuildProfile
[2024-07-17T09:09:36.229] [DEBUG] debug-file - Incremental task entry:default@CreateBuildProfile pre-execution cost: 2 ms .
[2024-07-17T09:09:36.229] [DEBUG] debug-file - entry : default@CreateBuildProfile cost memory 0.100433349609375
[2024-07-17T09:09:36.229] [INFO] debug-file - UP-TO-DATE :entry:default@CreateBuildProfile...  
[2024-07-17T09:09:36.230] [DEBUG] debug-file - jsonObjWithoutParam {} at undefined
[2024-07-17T09:09:36.230] [DEBUG] debug-file - jsonObjWithoutParam {} at undefined
[2024-07-17T09:09:36.230] [DEBUG] debug-file - jsonObjWithoutParam {"license":"","devDependencies":{},"author":"","name":"entry","description":"Please describe the basic information.","main":"","version":"1.0.0","dependencies":{}} at undefined
[2024-07-17T09:09:36.231] [DEBUG] debug-file - Executing task :entry:default@PreCheckSyscap
[2024-07-17T09:09:36.231] [DEBUG] debug-file - entry : default@PreCheckSyscap cost memory 0.17830657958984375
[2024-07-17T09:09:36.231] [DEBUG] debug-file - runTaskFromQueue task cost before running: 127 ms 
[2024-07-17T09:09:36.232] [INFO] debug-file - Finished :entry:default@PreCheckSyscap... after 1 ms 
[2024-07-17T09:09:36.233] [DEBUG] debug-file - jsonObjWithoutParam {} at undefined
[2024-07-17T09:09:36.233] [DEBUG] debug-file - jsonObjWithoutParam {} at undefined
[2024-07-17T09:09:36.233] [DEBUG] debug-file - jsonObjWithoutParam {"license":"","devDependencies":{},"author":"","name":"entry","description":"Please describe the basic information.","main":"","version":"1.0.0","dependencies":{}} at undefined
[2024-07-17T09:09:36.241] [DEBUG] debug-file - Executing task :entry:default@GeneratePkgContextInfo
[2024-07-17T09:09:36.241] [DEBUG] debug-file - entry : default@GeneratePkgContextInfo cost memory 0.01981353759765625
[2024-07-17T09:09:36.241] [DEBUG] debug-file - runTaskFromQueue task cost before running: 136 ms 
[2024-07-17T09:09:36.241] [INFO] debug-file - Finished :entry:default@GeneratePkgContextInfo... after 1 ms 
[2024-07-17T09:09:36.242] [DEBUG] debug-file - jsonObjWithoutParam {} at undefined
[2024-07-17T09:09:36.242] [DEBUG] debug-file - jsonObjWithoutParam {} at undefined
[2024-07-17T09:09:36.243] [DEBUG] debug-file - jsonObjWithoutParam {"license":"","devDependencies":{},"author":"","name":"entry","description":"Please describe the basic information.","main":"","version":"1.0.0","dependencies":{}} at undefined
[2024-07-17T09:09:36.244] [DEBUG] debug-file - Executing task :entry:default@ProcessProfile
[2024-07-17T09:09:36.245] [DEBUG] debug-file - Incremental task entry:default@ProcessProfile pre-execution cost: 1 ms .
[2024-07-17T09:09:36.245] [DEBUG] debug-file - entry : default@ProcessProfile cost memory 0.05541229248046875
[2024-07-17T09:09:36.245] [INFO] debug-file - UP-TO-DATE :entry:default@ProcessProfile...  
[2024-07-17T09:09:36.246] [DEBUG] debug-file - jsonObjWithoutParam {} at undefined
[2024-07-17T09:09:36.246] [DEBUG] debug-file - jsonObjWithoutParam {} at undefined
[2024-07-17T09:09:36.246] [DEBUG] debug-file - jsonObjWithoutParam {"license":"","devDependencies":{},"author":"","name":"entry","description":"Please describe the basic information.","main":"","version":"1.0.0","dependencies":{}} at undefined
[2024-07-17T09:09:36.247] [DEBUG] debug-file - Executing task :entry:default@ProcessRouterMap
[2024-07-17T09:09:36.251] [DEBUG] debug-file - Incremental task entry:default@ProcessRouterMap pre-execution cost: 3 ms .
[2024-07-17T09:09:36.251] [DEBUG] debug-file - entry : default@ProcessRouterMap cost memory 0.2422943115234375
[2024-07-17T09:09:36.252] [INFO] debug-file - UP-TO-DATE :entry:default@ProcessRouterMap...  
[2024-07-17T09:09:36.253] [DEBUG] debug-file - jsonObjWithoutParam {} at undefined
[2024-07-17T09:09:36.253] [DEBUG] debug-file - jsonObjWithoutParam {} at undefined
[2024-07-17T09:09:36.253] [DEBUG] debug-file - jsonObjWithoutParam {"license":"","devDependencies":{},"author":"","name":"entry","description":"Please describe the basic information.","main":"","version":"1.0.0","dependencies":{}} at undefined
[2024-07-17T09:09:36.254] [DEBUG] debug-file - restool module names: entry; moduleName=entry, taskName=default@PreviewProcessResource
[2024-07-17T09:09:36.256] [DEBUG] debug-file - Executing task :entry:default@PreviewProcessResource
[2024-07-17T09:09:36.256] [DEBUG] debug-file - entry : default@PreviewProcessResource cost memory 0.04640960693359375
[2024-07-17T09:09:36.257] [DEBUG] debug-file - runTaskFromQueue task cost before running: 152 ms 
[2024-07-17T09:09:36.258] [INFO] debug-file - Finished :entry:default@PreviewProcessResource... after 2 ms 
[2024-07-17T09:09:36.259] [DEBUG] debug-file - jsonObjWithoutParam {} at undefined
[2024-07-17T09:09:36.259] [DEBUG] debug-file - jsonObjWithoutParam {} at undefined
[2024-07-17T09:09:36.259] [DEBUG] debug-file - jsonObjWithoutParam {"license":"","devDependencies":{},"author":"","name":"entry","description":"Please describe the basic information.","main":"","version":"1.0.0","dependencies":{}} at undefined
[2024-07-17T09:09:36.261] [DEBUG] debug-file - Executing task :entry:default@GenerateLoaderJson
[2024-07-17T09:09:36.276] [DEBUG] debug-file - Incremental task entry:default@GenerateLoaderJson pre-execution cost: 5 ms .
[2024-07-17T09:09:36.276] [DEBUG] debug-file - entry : default@GenerateLoaderJson cost memory 0.47266387939453125
[2024-07-17T09:09:36.279] [INFO] debug-file - UP-TO-DATE :entry:default@GenerateLoaderJson...  
[2024-07-17T09:09:36.280] [DEBUG] debug-file - jsonObjWithoutParam {} at undefined
[2024-07-17T09:09:36.281] [DEBUG] debug-file - jsonObjWithoutParam {} at undefined
[2024-07-17T09:09:36.281] [DEBUG] debug-file - jsonObjWithoutParam {"license":"","devDependencies":{},"author":"","name":"entry","description":"Please describe the basic information.","main":"","version":"1.0.0","dependencies":{}} at undefined
[2024-07-17T09:09:36.281] [DEBUG] debug-file - restool module names: entry; moduleName=entry, taskName=default@PreviewCompileResource
[2024-07-17T09:09:36.282] [DEBUG] debug-file - Executing task :entry:default@PreviewCompileResource
[2024-07-17T09:09:36.322] [DEBUG] debug-file - entry:default@PreviewCompileResource is not up-to-date, since the output file 'E:\Devecostudio\Healthy_life\entry\.preview\default\intermediates\res\default' has been changed.
[2024-07-17T09:09:36.322] [DEBUG] debug-file - Incremental task entry:default@PreviewCompileResource pre-execution cost: 39 ms .
[2024-07-17T09:09:36.347] [DEBUG] debug-file - Use tool [E:\Devecostudio\DevEco Studio\sdk\HarmonyOS-NEXT-DB1\openharmony\toolchains\restool.exe]
 [
  'E:\\Devecostudio\\DevEco Studio\\sdk\\HarmonyOS-NEXT-DB1\\openharmony\\toolchains\\restool.exe',
  '-x',
  'E:\\Devecostudio\\Healthy_life\\AppScope\\resources',
  '-o',
  'E:\\Devecostudio\\Healthy_life\\entry\\.preview\\default\\intermediates\\res\\default\\app_compiled'
]
[2024-07-17T09:09:36.349] [DEBUG] debug-file - current process  memoryUsage: {
  rss: 187711488,
  heapTotal: 136302592,
  heapUsed: 111640960,
  external: 1471064,
  arrayBuffers: 103064
} os memoryUsage :12.437488555908203
[2024-07-17T09:09:36.426] [DEBUG] debug-file - Info: restool resources compile success.

[2024-07-17T09:09:36.428] [DEBUG] debug-file - Use tool [E:\Devecostudio\DevEco Studio\sdk\HarmonyOS-NEXT-DB1\openharmony\toolchains\restool.exe]
 [
  'E:\\Devecostudio\\DevEco Studio\\sdk\\HarmonyOS-NEXT-DB1\\openharmony\\toolchains\\restool.exe',
  '-x',
  'E:\\Devecostudio\\Healthy_life\\entry\\src\\main\\resources',
  '-o',
  'E:\\Devecostudio\\Healthy_life\\entry\\.preview\\default\\intermediates\\res\\default\\module_compiled'
]
[2024-07-17T09:09:36.429] [DEBUG] debug-file - current process  memoryUsage: {
  rss: 187662336,
  heapTotal: 136302592,
  heapUsed: 113958848,
  external: 1518510,
  arrayBuffers: 150525
} os memoryUsage :12.448883056640625
[2024-07-17T09:09:36.513] [DEBUG] debug-file - Info: restool resources compile success.

[2024-07-17T09:09:36.518] [DEBUG] debug-file - Use tool [E:\Devecostudio\DevEco Studio\sdk\HarmonyOS-NEXT-DB1\openharmony\toolchains\restool.exe]
 [
  'E:\\Devecostudio\\DevEco Studio\\sdk\\HarmonyOS-NEXT-DB1\\openharmony\\toolchains\\restool.exe',
  '-m',
  'entry',
  '-f',
  '-j',
  'E:\\Devecostudio\\Healthy_life\\entry\\.preview\\default\\intermediates\\process_profile\\default\\module.json',
  '-p',
  'com.example.healthy_life',
  '-r',
  'E:\\Devecostudio\\Healthy_life\\entry\\.preview\\default\\generated\\r\\default\\ResourceTable.h',
  '-z',
  '--ids',
  'E:\\Devecostudio\\Healthy_life\\entry\\.preview\\default\\intermediates\\res\\default\\ids_map',
  '--defined-ids',
  'E:\\Devecostudio\\Healthy_life\\entry\\.preview\\default\\intermediates\\res\\default\\ids_map\\id_defined.json',
  '-i',
  'E:\\Devecostudio\\Healthy_life\\entry\\.preview\\default\\intermediates\\res\\default\\app_compiled',
  '-i',
  'E:\\Devecostudio\\Healthy_life\\entry\\.preview\\default\\intermediates\\res\\default\\module_compiled',
  '-o',
  'E:\\Devecostudio\\Healthy_life\\entry\\.preview\\default\\intermediates\\res\\default'
]
[2024-07-17T09:09:36.520] [DEBUG] debug-file - current process  memoryUsage: {
  rss: 188317696,
  heapTotal: 136826880,
  heapUsed: 102708104,
  external: 1518636,
  arrayBuffers: 94425
} os memoryUsage :12.461078643798828
[2024-07-17T09:09:36.603] [DEBUG] debug-file - Info: restool resources compile success.

[2024-07-17T09:09:36.608] [DEBUG] debug-file - entry : default@PreviewCompileResource cost memory -9.351821899414062
[2024-07-17T09:09:36.608] [DEBUG] debug-file - runTaskFromQueue task cost before running: 504 ms 
[2024-07-17T09:09:36.609] [INFO] debug-file - Finished :entry:default@PreviewCompileResource... after 326 ms 
[2024-07-17T09:09:36.611] [DEBUG] debug-file - jsonObjWithoutParam {} at undefined
[2024-07-17T09:09:36.611] [DEBUG] debug-file - jsonObjWithoutParam {} at undefined
[2024-07-17T09:09:36.611] [DEBUG] debug-file - jsonObjWithoutParam {"license":"","devDependencies":{},"author":"","name":"entry","description":"Please describe the basic information.","main":"","version":"1.0.0","dependencies":{}} at undefined
[2024-07-17T09:09:36.611] [DEBUG] debug-file - Executing task :entry:default@PreviewHookCompileResource
[2024-07-17T09:09:36.611] [DEBUG] debug-file - entry : default@PreviewHookCompileResource cost memory 0.01461029052734375
[2024-07-17T09:09:36.611] [DEBUG] debug-file - runTaskFromQueue task cost before running: 507 ms 
[2024-07-17T09:09:36.611] [INFO] debug-file - Finished :entry:default@PreviewHookCompileResource... after 1 ms 
[2024-07-17T09:09:36.613] [DEBUG] debug-file - jsonObjWithoutParam {} at undefined
[2024-07-17T09:09:36.613] [DEBUG] debug-file - jsonObjWithoutParam {} at undefined
[2024-07-17T09:09:36.613] [DEBUG] debug-file - jsonObjWithoutParam {"license":"","devDependencies":{},"author":"","name":"entry","description":"Please describe the basic information.","main":"","version":"1.0.0","dependencies":{}} at undefined
[2024-07-17T09:09:36.613] [DEBUG] debug-file - Executing task :entry:default@CopyPreviewProfile
[2024-07-17T09:09:36.614] [DEBUG] debug-file - entry:default@CopyPreviewProfile is not up-to-date, since the output file 'E:\Devecostudio\Healthy_life\entry\.preview\default\intermediates\res\default\resources\base\profile' does not exist.
[2024-07-17T09:09:36.614] [DEBUG] debug-file - Incremental task entry:default@CopyPreviewProfile pre-execution cost: 1 ms .
[2024-07-17T09:09:36.620] [DEBUG] debug-file - entry : default@CopyPreviewProfile cost memory 0.190185546875
[2024-07-17T09:09:36.620] [DEBUG] debug-file - runTaskFromQueue task cost before running: 515 ms 
[2024-07-17T09:09:36.620] [INFO] debug-file - Finished :entry:default@CopyPreviewProfile... after 7 ms 
[2024-07-17T09:09:36.621] [DEBUG] debug-file - jsonObjWithoutParam {} at undefined
[2024-07-17T09:09:36.621] [DEBUG] debug-file - jsonObjWithoutParam {} at undefined
[2024-07-17T09:09:36.622] [DEBUG] debug-file - jsonObjWithoutParam {"license":"","devDependencies":{},"author":"","name":"entry","description":"Please describe the basic information.","main":"","version":"1.0.0","dependencies":{}} at undefined
[2024-07-17T09:09:36.622] [DEBUG] debug-file - Executing task :entry:default@ReplacePreviewerPage
[2024-07-17T09:09:36.622] [DEBUG] debug-file - entry : default@ReplacePreviewerPage cost memory 0.0146331787109375
[2024-07-17T09:09:36.622] [DEBUG] debug-file - runTaskFromQueue task cost before running: 518 ms 
[2024-07-17T09:09:36.622] [INFO] debug-file - Finished :entry:default@ReplacePreviewerPage... after 1 ms 
[2024-07-17T09:09:36.623] [DEBUG] debug-file - Executing task :entry:buildPreviewerResource
[2024-07-17T09:09:36.624] [DEBUG] debug-file - entry : buildPreviewerResource cost memory 0.01200103759765625
[2024-07-17T09:09:36.624] [DEBUG] debug-file - runTaskFromQueue task cost before running: 519 ms 
[2024-07-17T09:09:36.624] [INFO] debug-file - Finished :entry:buildPreviewerResource... after 1 ms 
[2024-07-17T09:09:36.625] [DEBUG] debug-file - jsonObjWithoutParam {} at undefined
[2024-07-17T09:09:36.625] [DEBUG] debug-file - jsonObjWithoutParam {} at undefined
[2024-07-17T09:09:36.625] [DEBUG] debug-file - jsonObjWithoutParam {"license":"","devDependencies":{},"author":"","name":"entry","description":"Please describe the basic information.","main":"","version":"1.0.0","dependencies":{}} at undefined
[2024-07-17T09:09:36.626] [DEBUG] debug-file - Executing task :entry:default@PreviewUpdateAssets
[2024-07-17T09:09:36.627] [DEBUG] debug-file - entry:default@PreviewUpdateAssets is not up-to-date, since the output file 'E:\Devecostudio\Healthy_life\entry\.preview\default\intermediates\res\default\module.json' has been changed.
[2024-07-17T09:09:36.627] [DEBUG] debug-file - Incremental task entry:default@PreviewUpdateAssets pre-execution cost: 1 ms .
[2024-07-17T09:09:36.629] [DEBUG] debug-file - entry : default@PreviewUpdateAssets cost memory 0.10643768310546875
[2024-07-17T09:09:36.629] [DEBUG] debug-file - runTaskFromQueue task cost before running: 525 ms 
[2024-07-17T09:09:36.630] [INFO] debug-file - Finished :entry:default@PreviewUpdateAssets... after 4 ms 
[2024-07-17T09:09:36.631] [DEBUG] debug-file - jsonObjWithoutParam {} at undefined
[2024-07-17T09:09:36.631] [DEBUG] debug-file - jsonObjWithoutParam {} at undefined
[2024-07-17T09:09:36.632] [DEBUG] debug-file - jsonObjWithoutParam {"license":"","devDependencies":{},"author":"","name":"entry","description":"Please describe the basic information.","main":"","version":"1.0.0","dependencies":{}} at undefined
[2024-07-17T09:09:36.634] [DEBUG] debug-file - Executing task :entry:default@PreviewArkTS
[2024-07-17T09:09:36.639] [DEBUG] debug-file - entry:default@PreviewArkTS is not up-to-date, since the input file 'E:\Devecostudio\Healthy_life\entry\.preview\default\intermediates\res\default\ResourceTable.txt' has been changed.
[2024-07-17T09:09:36.639] [DEBUG] debug-file - Incremental task entry:default@PreviewArkTS pre-execution cost: 3 ms .
[2024-07-17T09:09:36.655] [DEBUG] debug-file - session manager: binding session. socketId=bDWsp5jg_mVH5rmKAAAD, threadId=1@1.
[2024-07-17T09:09:36.654] [DEBUG] debug-file - entry : default@PreviewArkTS cost memory 0.9960403442382812
[2024-07-17T09:09:47.539] [DEBUG] debug-file - session manager: watch message received from worker 1. Type: WatchStart
[2024-07-17T09:09:52.520] [DEBUG] debug-file - session manager: watch message received from worker 1. Type: WatchLog
[2024-07-17T09:09:54.375] [DEBUG] debug-file - session manager: watch message received from worker 1. Type: WatchLog
[2024-07-17T09:09:54.375] [DEBUG] debug-file - Ark compile finished.
[2024-07-17T09:09:54.376] [DEBUG] debug-file - session manager: watch message received from worker 1. Type: WatchLog
[2024-07-17T09:09:54.376] [DEBUG] debug-file - session manager: watch message received from worker 1. Type: WatchLog
[2024-07-17T09:09:54.377] [DEBUG] debug-file - session manager: watch message received from worker 1. Type: WatchLog
[2024-07-17T09:09:54.378] [DEBUG] debug-file - session manager: watch message received from worker 1. Type: WatchResult
[2024-07-17T09:09:54.380] [INFO] debug-file - Finished :entry:default@PreviewArkTS... after 17 s 745 ms 
[2024-07-17T09:09:54.381] [DEBUG] debug-file - Executing task :entry:PreviewBuild
[2024-07-17T09:09:54.381] [DEBUG] debug-file - entry : PreviewBuild cost memory 0.01181793212890625
[2024-07-17T09:09:54.382] [DEBUG] debug-file - runTaskFromQueue task cost before running: 18 s 277 ms 
[2024-07-17T09:09:54.382] [INFO] debug-file - Finished :entry:PreviewBuild... after 1 ms 
[2024-07-17T09:09:54.390] [DEBUG] debug-file - There is no need to refresh cache, since the incremental task entry:default@PreBuild is up-to-date.
[2024-07-17T09:09:54.390] [DEBUG] debug-file - There is no need to refresh cache, since the incremental task entry:default@MergeProfile is up-to-date.
[2024-07-17T09:09:54.390] [DEBUG] debug-file - There is no need to refresh cache, since the incremental task entry:default@CreateBuildProfile is up-to-date.
[2024-07-17T09:09:54.391] [DEBUG] debug-file - Update task entry:default@GeneratePkgContextInfo output file:E:\Devecostudio\Healthy_life\entry\.preview\default\intermediates\loader\default\pkgContextInfo.json cache.
[2024-07-17T09:09:54.391] [DEBUG] debug-file - Incremental task entry:default@GeneratePkgContextInfo post-execution cost:1 ms .
[2024-07-17T09:09:54.391] [DEBUG] debug-file - There is no need to refresh cache, since the incremental task entry:default@ProcessProfile is up-to-date.
[2024-07-17T09:09:54.391] [DEBUG] debug-file - There is no need to refresh cache, since the incremental task entry:default@ProcessRouterMap is up-to-date.
[2024-07-17T09:09:54.391] [DEBUG] debug-file - There is no need to refresh cache, since the incremental task entry:default@GenerateLoaderJson is up-to-date.
[2024-07-17T09:09:54.392] [DEBUG] debug-file - Update task entry:default@PreviewCompileResource input file:E:\Devecostudio\Healthy_life\entry\src\main\resources cache by regenerate.
[2024-07-17T09:09:54.399] [DEBUG] debug-file - Update task entry:default@PreviewCompileResource input file:E:\Devecostudio\Healthy_life\entry\.preview\default\intermediates\merge_profile\default\module.json cache by regenerate.
[2024-07-17T09:09:54.399] [DEBUG] debug-file - Update task entry:default@PreviewCompileResource output file:E:\Devecostudio\Healthy_life\entry\.preview\default\intermediates\res\default cache.
[2024-07-17T09:09:54.407] [DEBUG] debug-file - Update task entry:default@PreviewCompileResource output file:E:\Devecostudio\Healthy_life\entry\.preview\default\generated\r\default cache.
[2024-07-17T09:09:54.407] [DEBUG] debug-file - Incremental task entry:default@PreviewCompileResource post-execution cost:17 ms .
[2024-07-17T09:09:54.407] [DEBUG] debug-file - Update task entry:default@CopyPreviewProfile input file:E:\Devecostudio\Healthy_life\entry\src\main\resources\base\profile cache by regenerate.
[2024-07-17T09:09:54.408] [DEBUG] debug-file - Update task entry:default@CopyPreviewProfile output file:E:\Devecostudio\Healthy_life\entry\.preview\default\intermediates\res\default\resources\base\profile cache.
[2024-07-17T09:09:54.408] [DEBUG] debug-file - Incremental task entry:default@CopyPreviewProfile post-execution cost:1 ms .
[2024-07-17T09:09:54.409] [DEBUG] debug-file - Update task entry:default@PreviewUpdateAssets output file:E:\Devecostudio\Healthy_life\entry\.preview\default\intermediates\res\default\module.json cache.
[2024-07-17T09:09:54.409] [DEBUG] debug-file - Update task entry:default@PreviewUpdateAssets output file:E:\Devecostudio\Healthy_life\entry\.preview\default\intermediates\res\default\resources\base\profile\main_pages.json cache.
[2024-07-17T09:09:54.409] [DEBUG] debug-file - Incremental task entry:default@PreviewUpdateAssets post-execution cost:1 ms .
[2024-07-17T09:09:54.410] [DEBUG] debug-file - Update task entry:default@PreviewArkTS input file:E:\Devecostudio\Healthy_life\entry\.preview\default\intermediates\loader\default cache by regenerate.
[2024-07-17T09:09:54.410] [DEBUG] debug-file - Update task entry:default@PreviewArkTS input file:E:\Devecostudio\Healthy_life\entry\.preview\default\intermediates\res\default\ResourceTable.txt cache from map.
[2024-07-17T09:09:54.411] [DEBUG] debug-file - Update task entry:default@PreviewArkTS input file:E:\Devecostudio\Healthy_life\entry\.preview\default\intermediates\res\default\module.json cache by regenerate.
[2024-07-17T09:09:54.411] [DEBUG] debug-file - Update task entry:default@PreviewArkTS input file:E:\Devecostudio\Healthy_life\entry\.preview\default\intermediates\res\default\resources\base\profile cache by regenerate.
[2024-07-17T09:09:54.411] [DEBUG] debug-file - Update task entry:default@PreviewArkTS input file:E:\Devecostudio\Healthy_life\entry\src\main\ets cache by regenerate.
[2024-07-17T09:09:54.421] [DEBUG] debug-file - Update task entry:default@PreviewArkTS input file:E:\Devecostudio\Healthy_life\entry\src\main\resources\base\profile\form_config.json cache by regenerate.
[2024-07-17T09:09:54.421] [DEBUG] debug-file - Update task entry:default@PreviewArkTS input file:E:\Devecostudio\Healthy_life\entry\.preview\default\generated\profile\default\BuildProfile.ets cache by regenerate.
[2024-07-17T09:09:54.421] [DEBUG] debug-file - Update task entry:default@PreviewArkTS output file:E:\Devecostudio\Healthy_life\entry\.preview\default\intermediates\loader_out\default\ets cache.
[2024-07-17T09:09:54.421] [DEBUG] debug-file - Incremental task entry:default@PreviewArkTS post-execution cost:13 ms .
[2024-07-17T09:09:54.532] [DEBUG] debug-file - bad codeSnippet [object Object]
[2024-07-17T09:09:54.784] [DEBUG] debug-file - Hvigor init with startParameters:{
  hvigorfileTypeCheck: false,
  parallelExecution: true,
  incrementalExecution: true,
  printStackTrace: false,
  daemon: true,
  analyze: 0,
  logLevel: Level { level: 20000, levelStr: 'INFO', colour: 'green' }
}
[2024-07-17T09:09:54.790] [DEBUG] debug-file - Cache service initialization finished in 6 ms 
[2024-07-17T09:09:54.800] [DEBUG] debug-file - hvigorfile, resolving E:\Devecostudio\Healthy_life\hvigorfile.ts
[2024-07-17T09:09:54.806] [DEBUG] debug-file - hvigorfile, require result:  {}
[2024-07-17T09:09:54.806] [DEBUG] debug-file - hvigorfile, binding system plugins {}
[2024-07-17T09:09:54.812] [DEBUG] debug-file - Start initialize project's product build option map with build mode debug.
[2024-07-17T09:09:54.812] [DEBUG] debug-file - Picking option from product 'default' with build mode 'debug'.
[2024-07-17T09:09:54.813] [DEBUG] debug-file - Product 'default' build option: {}
[2024-07-17T09:09:54.813] [DEBUG] debug-file - End initialize project's product build option map with build mode 'debug'.
[2024-07-17T09:09:54.813] [DEBUG] debug-file - Product 'default' using build option: {
  "debuggable": true
} in this build.
[2024-07-17T09:09:54.814] [DEBUG] debug-file - No signingConfig found, initRemoteHspCache failed.
[2024-07-17T09:09:54.820] [DEBUG] debug-file - Sdk init in 6 ms 
[2024-07-17T09:09:54.832] [DEBUG] debug-file - Project task initialization takes 12 ms 
[2024-07-17T09:09:54.832] [DEBUG] debug-file - hvigorfile, resolve finished E:\Devecostudio\Healthy_life\hvigorfile.ts
[2024-07-17T09:09:54.835] [DEBUG] debug-file - hvigorfile, resolving E:\Devecostudio\Healthy_life\entry\hvigorfile.ts
[2024-07-17T09:09:54.839] [DEBUG] debug-file - hvigorfile, require result:  {}
[2024-07-17T09:09:54.839] [DEBUG] debug-file - hvigorfile, binding system plugins {}
[2024-07-17T09:09:54.843] [DEBUG] debug-file - Start initialize module-target build option map, moduleName=entry, buildMode=debug
[2024-07-17T09:09:54.843] [DEBUG] debug-file - Target 'default' config: {}
[2024-07-17T09:09:54.843] [DEBUG] debug-file - Module 'entry' target 'default' build option: {
  "debuggable": true,
  "copyFrom": "default"
}
[2024-07-17T09:09:54.843] [DEBUG] debug-file - End initialize module-target build option map, moduleName=entry
[2024-07-17T09:09:54.843] [DEBUG] debug-file - Module 'entry' target 'default' using build option: {
  "debuggable": true,
  "copyFrom": "default"
} in this build.
[2024-07-17T09:09:54.846] [DEBUG] debug-file - Module entry task initialization takes 2 ms 
[2024-07-17T09:09:54.846] [DEBUG] debug-file - hvigorfile, resolve finished E:\Devecostudio\Healthy_life\entry\hvigorfile.ts
[2024-07-17T09:09:54.892] [DEBUG] debug-file - hvigorfile, resolve hvigorfile dependencies in 46 ms 
[2024-07-17T09:09:54.892] [DEBUG] debug-file - project has submodules:entry
[2024-07-17T09:09:54.892] [DEBUG] debug-file - start to load updatedOhPackageInfo to the disk
[2024-07-17T09:09:54.896] [DEBUG] debug-file - load to the disk finished
[2024-07-17T09:09:54.897] [DEBUG] debug-file - Module Healthy_life Collected Dependency: 
[2024-07-17T09:09:54.897] [DEBUG] debug-file - Module Healthy_life's total dependency: 0
[2024-07-17T09:09:54.898] [DEBUG] debug-file - Module entry Collected Dependency: 
[2024-07-17T09:09:54.898] [DEBUG] debug-file - Module entry's total dependency: 0
[2024-07-17T09:09:54.899] [DEBUG] debug-file - Configuration phase cost:106 ms 
[2024-07-17T09:09:54.900] [DEBUG] debug-file - Configuration task cost before running: 123 ms 
[2024-07-17T09:09:54.901] [DEBUG] debug-file - jsonObjWithoutParam {} at undefined
[2024-07-17T09:09:54.901] [DEBUG] debug-file - jsonObjWithoutParam {} at undefined
[2024-07-17T09:09:54.901] [DEBUG] debug-file - jsonObjWithoutParam {"license":"","devDependencies":{},"author":"","name":"entry","description":"Please describe the basic information.","main":"","version":"1.0.0","dependencies":{}} at undefined
[2024-07-17T09:09:54.904] [DEBUG] debug-file - Executing task :entry:default@PreBuild
[2024-07-17T09:09:54.909] [DEBUG] debug-file - Incremental task entry:default@PreBuild pre-execution cost: 3 ms .
[2024-07-17T09:09:54.909] [DEBUG] debug-file - entry : default@PreBuild cost memory 0.33072662353515625
[2024-07-17T09:09:54.910] [INFO] debug-file - UP-TO-DATE :entry:default@PreBuild...  
[2024-07-17T09:09:54.912] [DEBUG] debug-file - jsonObjWithoutParam {} at undefined
[2024-07-17T09:09:54.912] [DEBUG] debug-file - jsonObjWithoutParam {} at undefined
[2024-07-17T09:09:54.912] [DEBUG] debug-file - jsonObjWithoutParam {"license":"","devDependencies":{},"author":"","name":"entry","description":"Please describe the basic information.","main":"","version":"1.0.0","dependencies":{}} at undefined
[2024-07-17T09:09:54.912] [DEBUG] debug-file - Executing task :entry:default@MergeProfile
[2024-07-17T09:09:54.913] [DEBUG] debug-file - Incremental task entry:default@MergeProfile pre-execution cost: 1 ms .
[2024-07-17T09:09:54.914] [DEBUG] debug-file - entry : default@MergeProfile cost memory 0.1034393310546875
[2024-07-17T09:09:54.914] [INFO] debug-file - UP-TO-DATE :entry:default@MergeProfile...  
[2024-07-17T09:09:54.915] [DEBUG] debug-file - jsonObjWithoutParam {} at undefined
[2024-07-17T09:09:54.915] [DEBUG] debug-file - jsonObjWithoutParam {} at undefined
[2024-07-17T09:09:54.915] [DEBUG] debug-file - jsonObjWithoutParam {"license":"","devDependencies":{},"author":"","name":"entry","description":"Please describe the basic information.","main":"","version":"1.0.0","dependencies":{}} at undefined
[2024-07-17T09:09:54.916] [DEBUG] debug-file - Executing task :entry:default@CreateBuildProfile
[2024-07-17T09:09:54.918] [DEBUG] debug-file - Incremental task entry:default@CreateBuildProfile pre-execution cost: 2 ms .
[2024-07-17T09:09:54.918] [DEBUG] debug-file - entry : default@CreateBuildProfile cost memory 0.1055908203125
[2024-07-17T09:09:54.918] [INFO] debug-file - UP-TO-DATE :entry:default@CreateBuildProfile...  
[2024-07-17T09:09:54.920] [DEBUG] debug-file - jsonObjWithoutParam {} at undefined
[2024-07-17T09:09:54.920] [DEBUG] debug-file - jsonObjWithoutParam {} at undefined
[2024-07-17T09:09:54.920] [DEBUG] debug-file - jsonObjWithoutParam {"license":"","devDependencies":{},"author":"","name":"entry","description":"Please describe the basic information.","main":"","version":"1.0.0","dependencies":{}} at undefined
[2024-07-17T09:09:54.920] [DEBUG] debug-file - Executing task :entry:default@PreCheckSyscap
[2024-07-17T09:09:54.920] [DEBUG] debug-file - entry : default@PreCheckSyscap cost memory 0.013427734375
[2024-07-17T09:09:54.920] [DEBUG] debug-file - runTaskFromQueue task cost before running: 143 ms 
[2024-07-17T09:09:54.921] [INFO] debug-file - Finished :entry:default@PreCheckSyscap... after 1 ms 
[2024-07-17T09:09:54.922] [DEBUG] debug-file - jsonObjWithoutParam {} at undefined
[2024-07-17T09:09:54.922] [DEBUG] debug-file - jsonObjWithoutParam {} at undefined
[2024-07-17T09:09:54.922] [DEBUG] debug-file - jsonObjWithoutParam {"license":"","devDependencies":{},"author":"","name":"entry","description":"Please describe the basic information.","main":"","version":"1.0.0","dependencies":{}} at undefined
[2024-07-17T09:09:54.925] [DEBUG] debug-file - Executing task :entry:default@GeneratePkgContextInfo
[2024-07-17T09:09:54.925] [DEBUG] debug-file - entry : default@GeneratePkgContextInfo cost memory 0.019256591796875
[2024-07-17T09:09:54.925] [DEBUG] debug-file - runTaskFromQueue task cost before running: 147 ms 
[2024-07-17T09:09:54.925] [INFO] debug-file - Finished :entry:default@GeneratePkgContextInfo... after 1 ms 
[2024-07-17T09:09:54.926] [DEBUG] debug-file - jsonObjWithoutParam {} at undefined
[2024-07-17T09:09:54.926] [DEBUG] debug-file - jsonObjWithoutParam {} at undefined
[2024-07-17T09:09:54.926] [DEBUG] debug-file - jsonObjWithoutParam {"license":"","devDependencies":{},"author":"","name":"entry","description":"Please describe the basic information.","main":"","version":"1.0.0","dependencies":{}} at undefined
[2024-07-17T09:09:54.927] [DEBUG] debug-file - Executing task :entry:default@ProcessProfile
[2024-07-17T09:09:54.928] [DEBUG] debug-file - Incremental task entry:default@ProcessProfile pre-execution cost: 1 ms .
[2024-07-17T09:09:54.928] [DEBUG] debug-file - entry : default@ProcessProfile cost memory 0.056182861328125
[2024-07-17T09:09:54.928] [INFO] debug-file - UP-TO-DATE :entry:default@ProcessProfile...  
[2024-07-17T09:09:54.929] [DEBUG] debug-file - jsonObjWithoutParam {} at undefined
[2024-07-17T09:09:54.929] [DEBUG] debug-file - jsonObjWithoutParam {} at undefined
[2024-07-17T09:09:54.929] [DEBUG] debug-file - jsonObjWithoutParam {"license":"","devDependencies":{},"author":"","name":"entry","description":"Please describe the basic information.","main":"","version":"1.0.0","dependencies":{}} at undefined
[2024-07-17T09:09:54.930] [DEBUG] debug-file - Executing task :entry:default@ProcessRouterMap
[2024-07-17T09:09:54.933] [DEBUG] debug-file - Incremental task entry:default@ProcessRouterMap pre-execution cost: 3 ms .
[2024-07-17T09:09:54.934] [DEBUG] debug-file - entry : default@ProcessRouterMap cost memory 0.24405670166015625
[2024-07-17T09:09:54.935] [INFO] debug-file - UP-TO-DATE :entry:default@ProcessRouterMap...  
[2024-07-17T09:09:54.936] [DEBUG] debug-file - jsonObjWithoutParam {} at undefined
[2024-07-17T09:09:54.936] [DEBUG] debug-file - jsonObjWithoutParam {} at undefined
[2024-07-17T09:09:54.936] [DEBUG] debug-file - jsonObjWithoutParam {"license":"","devDependencies":{},"author":"","name":"entry","description":"Please describe the basic information.","main":"","version":"1.0.0","dependencies":{}} at undefined
[2024-07-17T09:09:54.937] [DEBUG] debug-file - restool module names: entry; moduleName=entry, taskName=default@PreviewProcessResource
[2024-07-17T09:09:54.938] [DEBUG] debug-file - Executing task :entry:default@PreviewProcessResource
[2024-07-17T09:09:54.938] [DEBUG] debug-file - entry : default@PreviewProcessResource cost memory 0.042572021484375
[2024-07-17T09:09:54.938] [DEBUG] debug-file - runTaskFromQueue task cost before running: 161 ms 
[2024-07-17T09:09:54.939] [INFO] debug-file - Finished :entry:default@PreviewProcessResource... after 1 ms 
[2024-07-17T09:09:54.940] [DEBUG] debug-file - jsonObjWithoutParam {} at undefined
[2024-07-17T09:09:54.940] [DEBUG] debug-file - jsonObjWithoutParam {} at undefined
[2024-07-17T09:09:54.941] [DEBUG] debug-file - jsonObjWithoutParam {"license":"","devDependencies":{},"author":"","name":"entry","description":"Please describe the basic information.","main":"","version":"1.0.0","dependencies":{}} at undefined
[2024-07-17T09:09:54.944] [DEBUG] debug-file - Executing task :entry:default@GenerateLoaderJson
[2024-07-17T09:09:54.951] [DEBUG] debug-file - Incremental task entry:default@GenerateLoaderJson pre-execution cost: 5 ms .
[2024-07-17T09:09:54.951] [DEBUG] debug-file - entry : default@GenerateLoaderJson cost memory 0.4359283447265625
[2024-07-17T09:09:54.954] [INFO] debug-file - UP-TO-DATE :entry:default@GenerateLoaderJson...  
[2024-07-17T09:09:54.955] [DEBUG] debug-file - jsonObjWithoutParam {} at undefined
[2024-07-17T09:09:54.955] [DEBUG] debug-file - jsonObjWithoutParam {} at undefined
[2024-07-17T09:09:54.955] [DEBUG] debug-file - jsonObjWithoutParam {"license":"","devDependencies":{},"author":"","name":"entry","description":"Please describe the basic information.","main":"","version":"1.0.0","dependencies":{}} at undefined
[2024-07-17T09:09:54.956] [DEBUG] debug-file - restool module names: entry; moduleName=entry, taskName=default@PreviewCompileResource
[2024-07-17T09:09:54.957] [DEBUG] debug-file - Executing task :entry:default@PreviewCompileResource
[2024-07-17T09:09:54.972] [DEBUG] debug-file - Incremental task entry:default@PreviewCompileResource pre-execution cost: 15 ms .
[2024-07-17T09:09:54.972] [DEBUG] debug-file - entry : default@PreviewCompileResource cost memory 1.3399276733398438
[2024-07-17T09:09:54.973] [INFO] debug-file - UP-TO-DATE :entry:default@PreviewCompileResource...  
[2024-07-17T09:09:54.974] [DEBUG] debug-file - jsonObjWithoutParam {} at undefined
[2024-07-17T09:09:54.975] [DEBUG] debug-file - jsonObjWithoutParam {} at undefined
[2024-07-17T09:09:54.975] [DEBUG] debug-file - jsonObjWithoutParam {"license":"","devDependencies":{},"author":"","name":"entry","description":"Please describe the basic information.","main":"","version":"1.0.0","dependencies":{}} at undefined
[2024-07-17T09:09:54.975] [DEBUG] debug-file - Executing task :entry:default@PreviewHookCompileResource
[2024-07-17T09:09:54.975] [DEBUG] debug-file - entry : default@PreviewHookCompileResource cost memory 0.014495849609375
[2024-07-17T09:09:54.975] [DEBUG] debug-file - runTaskFromQueue task cost before running: 197 ms 
[2024-07-17T09:09:54.975] [INFO] debug-file - Finished :entry:default@PreviewHookCompileResource... after 1 ms 
[2024-07-17T09:09:54.976] [DEBUG] debug-file - jsonObjWithoutParam {} at undefined
[2024-07-17T09:09:54.976] [DEBUG] debug-file - jsonObjWithoutParam {} at undefined
[2024-07-17T09:09:54.977] [DEBUG] debug-file - jsonObjWithoutParam {"license":"","devDependencies":{},"author":"","name":"entry","description":"Please describe the basic information.","main":"","version":"1.0.0","dependencies":{}} at undefined
[2024-07-17T09:09:54.977] [DEBUG] debug-file - Executing task :entry:default@CopyPreviewProfile
[2024-07-17T09:09:54.978] [DEBUG] debug-file - Incremental task entry:default@CopyPreviewProfile pre-execution cost: 2 ms .
[2024-07-17T09:09:54.978] [DEBUG] debug-file - entry : default@CopyPreviewProfile cost memory 0.10128021240234375
[2024-07-17T09:09:54.978] [INFO] debug-file - UP-TO-DATE :entry:default@CopyPreviewProfile...  
[2024-07-17T09:09:54.980] [DEBUG] debug-file - jsonObjWithoutParam {} at undefined
[2024-07-17T09:09:54.980] [DEBUG] debug-file - jsonObjWithoutParam {} at undefined
[2024-07-17T09:09:54.980] [DEBUG] debug-file - jsonObjWithoutParam {"license":"","devDependencies":{},"author":"","name":"entry","description":"Please describe the basic information.","main":"","version":"1.0.0","dependencies":{}} at undefined
[2024-07-17T09:09:54.981] [DEBUG] debug-file - Executing task :entry:default@ReplacePreviewerPage
[2024-07-17T09:09:54.981] [DEBUG] debug-file - entry : default@ReplacePreviewerPage cost memory 0.01444244384765625
[2024-07-17T09:09:54.981] [DEBUG] debug-file - runTaskFromQueue task cost before running: 204 ms 
[2024-07-17T09:09:54.981] [INFO] debug-file - Finished :entry:default@ReplacePreviewerPage... after 1 ms 
[2024-07-17T09:09:54.982] [DEBUG] debug-file - Executing task :entry:buildPreviewerResource
[2024-07-17T09:09:54.982] [DEBUG] debug-file - entry : buildPreviewerResource cost memory 0.01153564453125
[2024-07-17T09:09:54.983] [DEBUG] debug-file - runTaskFromQueue task cost before running: 205 ms 
[2024-07-17T09:09:54.983] [INFO] debug-file - Finished :entry:buildPreviewerResource... after 1 ms 
[2024-07-17T09:09:54.984] [DEBUG] debug-file - jsonObjWithoutParam {} at undefined
[2024-07-17T09:09:54.985] [DEBUG] debug-file - jsonObjWithoutParam {} at undefined
[2024-07-17T09:09:54.985] [DEBUG] debug-file - jsonObjWithoutParam {"license":"","devDependencies":{},"author":"","name":"entry","description":"Please describe the basic information.","main":"","version":"1.0.0","dependencies":{}} at undefined
[2024-07-17T09:09:54.985] [DEBUG] debug-file - Executing task :entry:default@PreviewUpdateAssets
[2024-07-17T09:09:54.987] [DEBUG] debug-file - Incremental task entry:default@PreviewUpdateAssets pre-execution cost: 1 ms .
[2024-07-17T09:09:54.987] [DEBUG] debug-file - entry : default@PreviewUpdateAssets cost memory 0.1032562255859375
[2024-07-17T09:09:54.987] [INFO] debug-file - UP-TO-DATE :entry:default@PreviewUpdateAssets...  
[2024-07-17T09:09:54.989] [DEBUG] debug-file - jsonObjWithoutParam {} at undefined
[2024-07-17T09:09:54.990] [DEBUG] debug-file - jsonObjWithoutParam {} at undefined
[2024-07-17T09:09:54.990] [DEBUG] debug-file - jsonObjWithoutParam {"license":"","devDependencies":{},"author":"","name":"entry","description":"Please describe the basic information.","main":"","version":"1.0.0","dependencies":{}} at undefined
[2024-07-17T09:09:54.992] [DEBUG] debug-file - Executing task :entry:default@PreviewArkTS
[2024-07-17T09:09:55.007] [DEBUG] debug-file - entry:default@PreviewArkTS is not up-to-date, since the output file 'E:\Devecostudio\Healthy_life\entry\.preview\default\intermediates\loader_out\default\ets' does not exist.
[2024-07-17T09:09:55.007] [DEBUG] debug-file - Incremental task entry:default@PreviewArkTS pre-execution cost: 13 ms .
[2024-07-17T09:09:55.015] [DEBUG] debug-file - session manager: binding session. socketId=0a6_jNMh1TMHEq3TAAAF, threadId=1@2.
[2024-07-17T09:09:55.014] [DEBUG] debug-file - entry : default@PreviewArkTS cost memory 1.5504226684570312
[2024-07-17T09:09:56.829] [DEBUG] debug-file - session manager: watch message received from worker 1. Type: WatchStart
[2024-07-17T09:10:00.367] [DEBUG] debug-file - session manager: watch message received from worker 1. Type: WatchLog
[2024-07-17T09:10:01.657] [DEBUG] debug-file - session manager: watch message received from worker 1. Type: WatchLog
[2024-07-17T09:10:01.658] [DEBUG] debug-file - session manager: watch message received from worker 1. Type: WatchLog
[2024-07-17T09:10:01.659] [DEBUG] debug-file - session manager: watch message received from worker 1. Type: WatchLog
[2024-07-17T09:10:01.660] [DEBUG] debug-file - session manager: watch message received from worker 1. Type: WatchLog
[2024-07-17T09:10:01.661] [DEBUG] debug-file - session manager: watch message received from worker 1. Type: WatchLog
[2024-07-17T09:10:01.662] [DEBUG] debug-file - session manager: watch message received from worker 1. Type: WatchResult
[2024-07-17T09:10:01.662] [INFO] debug-file - Finished :entry:default@PreviewArkTS... after 6 s 668 ms 
[2024-07-17T09:10:01.663] [DEBUG] debug-file - Executing task :entry:PreviewBuild
[2024-07-17T09:10:01.658] [DEBUG] debug-file - Ark compile finished.
[2024-07-17T09:10:01.663] [DEBUG] debug-file - entry : PreviewBuild cost memory 0.01142120361328125
[2024-07-17T09:10:01.663] [DEBUG] debug-file - runTaskFromQueue task cost before running: 6 s 886 ms 
[2024-07-17T09:10:01.663] [INFO] debug-file - Finished :entry:PreviewBuild... after 1 ms 
[2024-07-17T09:10:01.670] [DEBUG] debug-file - There is no need to refresh cache, since the incremental task entry:default@PreBuild is up-to-date.
[2024-07-17T09:10:01.670] [DEBUG] debug-file - There is no need to refresh cache, since the incremental task entry:default@MergeProfile is up-to-date.
[2024-07-17T09:10:01.670] [DEBUG] debug-file - There is no need to refresh cache, since the incremental task entry:default@CreateBuildProfile is up-to-date.
[2024-07-17T09:10:01.670] [DEBUG] debug-file - Update task entry:default@GeneratePkgContextInfo output file:E:\Devecostudio\Healthy_life\entry\.preview\default\intermediates\loader\default\pkgContextInfo.json cache.
[2024-07-17T09:10:01.671] [DEBUG] debug-file - Incremental task entry:default@GeneratePkgContextInfo post-execution cost:1 ms .
[2024-07-17T09:10:01.671] [DEBUG] debug-file - There is no need to refresh cache, since the incremental task entry:default@ProcessProfile is up-to-date.
[2024-07-17T09:10:01.671] [DEBUG] debug-file - There is no need to refresh cache, since the incremental task entry:default@ProcessRouterMap is up-to-date.
[2024-07-17T09:10:01.671] [DEBUG] debug-file - There is no need to refresh cache, since the incremental task entry:default@GenerateLoaderJson is up-to-date.
[2024-07-17T09:10:01.671] [DEBUG] debug-file - There is no need to refresh cache, since the incremental task entry:default@PreviewCompileResource is up-to-date.
[2024-07-17T09:10:01.671] [DEBUG] debug-file - There is no need to refresh cache, since the incremental task entry:default@CopyPreviewProfile is up-to-date.
[2024-07-17T09:10:01.671] [DEBUG] debug-file - There is no need to refresh cache, since the incremental task entry:default@PreviewUpdateAssets is up-to-date.
[2024-07-17T09:10:01.673] [DEBUG] debug-file - Update task entry:default@PreviewArkTS input file:E:\Devecostudio\Healthy_life\entry\.preview\default\intermediates\loader\default cache by regenerate.
[2024-07-17T09:10:01.673] [DEBUG] debug-file - Update task entry:default@PreviewArkTS input file:E:\Devecostudio\Healthy_life\entry\.preview\default\intermediates\res\default\ResourceTable.txt cache by regenerate.
[2024-07-17T09:10:01.673] [DEBUG] debug-file - Update task entry:default@PreviewArkTS input file:E:\Devecostudio\Healthy_life\entry\.preview\default\intermediates\res\default\module.json cache by regenerate.
[2024-07-17T09:10:01.673] [DEBUG] debug-file - Update task entry:default@PreviewArkTS input file:E:\Devecostudio\Healthy_life\entry\.preview\default\intermediates\res\default\resources\base\profile cache by regenerate.
[2024-07-17T09:10:01.674] [DEBUG] debug-file - Update task entry:default@PreviewArkTS input file:E:\Devecostudio\Healthy_life\entry\src\main\ets cache by regenerate.
[2024-07-17T09:10:01.682] [DEBUG] debug-file - Update task entry:default@PreviewArkTS input file:E:\Devecostudio\Healthy_life\entry\src\main\resources\base\profile\form_config.json cache by regenerate.
[2024-07-17T09:10:01.683] [DEBUG] debug-file - Update task entry:default@PreviewArkTS input file:E:\Devecostudio\Healthy_life\entry\.preview\default\generated\profile\default\BuildProfile.ets cache by regenerate.
[2024-07-17T09:10:01.683] [DEBUG] debug-file - Update task entry:default@PreviewArkTS output file:E:\Devecostudio\Healthy_life\entry\.preview\default\intermediates\loader_out\default\ets cache.
[2024-07-17T09:10:01.683] [DEBUG] debug-file - Incremental task entry:default@PreviewArkTS post-execution cost:12 ms .
